SF:lib/src/dto/all_heroes_response_dto.dart
DA:7,0
DA:9,1
DA:10,1
DA:12,1
DA:13,4
LF:5
LH:4
end_of_record
SF:lib/src/models/appearance/appearance_model.dart
DA:1,1
DA:4,0
DA:5,0
DA:6,0
DA:8,0
DA:10,0
DA:16,1
DA:18,1
DA:20,0
DA:22,0
DA:35,0
DA:37,1
DA:38,4
DA:39,1
DA:40,1
DA:41,1
LF:16
LH:8
end_of_record
SF:lib/src/models/biography/biography_model.dart
DA:9,0
DA:18,1
DA:19,1
DA:20,1
DA:21,1
DA:22,1
DA:23,1
DA:24,1
LF:8
LH:7
end_of_record
SF:lib/src/models/hero/hero_model.dart
DA:13,0
DA:15,1
DA:16,1
DA:17,1
DA:18,1
DA:19,2
DA:20,2
DA:21,2
DA:22,2
LF:9
LH:8
end_of_record
SF:lib/src/models/image/image_model.dart
DA:7,0
DA:9,1
DA:10,1
DA:11,1
DA:12,1
DA:13,1
LF:6
LH:5
end_of_record
SF:lib/src/models/power_stats/power_stats.dart
DA:9,0
DA:18,1
DA:19,1
DA:20,1
DA:21,1
DA:22,1
DA:23,1
DA:24,1
LF:8
LH:7
end_of_record
SF:lib/src/providers/base/base_provider.dart
DA:6,0
DA:8,0
DA:9,0
LF:3
LH:0
end_of_record
SF:lib/src/providers/hero/heroes_provider.dart
DA:9,1
DA:14,0
DA:16,0
DA:18,0
DA:25,0
DA:26,0
DA:27,0
DA:28,0
LF:8
LH:1
end_of_record
